{
  "RSpec": {
    "coverage": {
      "/Users/Dave/Dropbox/launchacademy/estimation_station/spec/support/authentication_helper.rb": [
        1,
        1,
        15,
        15,
        15,
        15,
        15,
        null,
        null
      ],
      "/Users/Dave/Dropbox/launchacademy/estimation_station/spec/features/user_adds_jar_to_game_spec.rb": [
        1,
        null,
        1,
        null,
        null,
        null,
        null,
        null,
        null,
        null,
        null,
        null,
        null,
        null,
        null,
        1,
        1,
        1,
        1,
        1,
        null,
        null,
        1,
        null,
        1,
        1,
        1,
        1,
        null,
        1,
        null,
        1,
        1,
        null,
        null,
        1,
        1,
        1,
        1,
        1,
        1,
        null,
        null,
        1,
        1,
        1,
        1,
        1,
        1,
        1,
        1,
        1,
        1,
        1,
        null,
        null,
        1,
        null,
        1,
        1,
        1,
        1,
        null,
        null,
        1,
        1,
        null,
        1,
        1,
        null,
        1,
        1,
        null,
        null,
        null,
        null
      ],
      "/Users/Dave/Dropbox/launchacademy/estimation_station/spec/features/user_adds_player_to_game_spec.rb": [
        1,
        null,
        1,
        null,
        null,
        null,
        null,
        null,
        null,
        null,
        null,
        null,
        null,
        null,
        1,
        1,
        1,
        1,
        1,
        null,
        null,
        1,
        null,
        1,
        1,
        1,
        null,
        1,
        null,
        1,
        1,
        null,
        null,
        1,
        1,
        1,
        1,
        1,
        null,
        null,
        1,
        null,
        1,
        1,
        1,
        1,
        1,
        1,
        1,
        1,
        1,
        1,
        null,
        null,
        1,
        1,
        1,
        1,
        1,
        null,
        null,
        1,
        1,
        null,
        1,
        null,
        null,
        null
      ],
      "/Users/Dave/Dropbox/launchacademy/estimation_station/spec/features/user_calculates_best_guess_spec.rb": [
        1,
        null,
        1,
        null,
        null,
        null,
        null,
        null,
        null,
        null,
        null,
        null,
        null,
        null,
        null,
        1,
        null,
        1,
        1,
        1,
        1,
        1,
        null,
        1,
        1,
        1,
        1,
        1,
        null,
        1,
        1,
        1,
        1,
        1,
        null,
        1,
        null,
        1,
        1,
        null,
        null
      ],
      "/Users/Dave/Dropbox/launchacademy/estimation_station/spec/features/user_creates_game_spec.rb": [
        1,
        null,
        1,
        null,
        null,
        null,
        null,
        null,
        null,
        null,
        null,
        null,
        null,
        null,
        null,
        null,
        1,
        1,
        1,
        null,
        1,
        null,
        null,
        1,
        1,
        1,
        1,
        1,
        1,
        1,
        null,
        1,
        1,
        null,
        null,
        1,
        1,
        1,
        1,
        1,
        null,
        1,
        null,
        null,
        null,
        null
      ],
      "/Users/Dave/Dropbox/launchacademy/estimation_station/spec/features/user_signs_in_spec.rb": [
        1,
        null,
        1,
        null,
        null,
        null,
        null,
        null,
        null,
        null,
        null,
        null,
        null,
        null,
        null,
        null,
        1,
        1,
        1,
        null,
        1,
        1,
        1,
        null,
        null,
        1,
        1,
        1,
        1,
        1,
        1,
        null,
        1,
        1,
        null,
        null,
        1,
        1,
        1,
        1,
        1,
        1,
        1,
        null,
        1,
        1,
        null,
        null,
        1,
        1,
        1,
        null,
        1,
        1,
        null,
        1,
        null,
        1,
        null,
        null,
        1,
        1,
        1,
        null,
        1,
        null,
        null,
        null
      ],
      "/Users/Dave/Dropbox/launchacademy/estimation_station/spec/features/user_signs_up_spec.rb": [
        1,
        null,
        1,
        null,
        null,
        null,
        null,
        null,
        null,
        null,
        null,
        null,
        null,
        null,
        null,
        null,
        1,
        1,
        1,
        1,
        1,
        1,
        1,
        1,
        1,
        null,
        1,
        1,
        null,
        null,
        1,
        1,
        1,
        1,
        null,
        1,
        1,
        null,
        1,
        1,
        null,
        1,
        1,
        null,
        1,
        1,
        null,
        null,
        1,
        null,
        null,
        1,
        1,
        1,
        null,
        1,
        1,
        1,
        null,
        1,
        1,
        null,
        1,
        null,
        null,
        null
      ],
      "/Users/Dave/Dropbox/launchacademy/estimation_station/spec/models/game_spec.rb": [
        1,
        null,
        1,
        null,
        1,
        null,
        1,
        2,
        2,
        null,
        2,
        2,
        2,
        null,
        null,
        1,
        2,
        2,
        null,
        null,
        1,
        1,
        1,
        1,
        1,
        1,
        null,
        null,
        null
      ],
      "/Users/Dave/Dropbox/launchacademy/estimation_station/app/models/game.rb": [
        1,
        null,
        1,
        1,
        null,
        1,
        1,
        null,
        null,
        1,
        null,
        null,
        null,
        1,
        10,
        10,
        10,
        0,
        null,
        4,
        null,
        6,
        null,
        null,
        10,
        null,
        null,
        null
      ],
      "/Users/Dave/Dropbox/launchacademy/estimation_station/spec/models/guess_spec.rb": [
        1,
        null,
        1,
        null,
        1,
        2,
        2,
        null,
        2,
        2,
        null,
        2,
        2,
        null,
        null,
        1,
        2,
        2,
        2,
        null,
        null,
        1,
        1,
        1,
        null,
        null,
        null,
        null,
        null
      ],
      "/Users/Dave/Dropbox/launchacademy/estimation_station/app/models/guess.rb": [
        1,
        null,
        1,
        null,
        1,
        1,
        null,
        1,
        1,
        null,
        1,
        null,
        null,
        null,
        null
      ],
      "/Users/Dave/Dropbox/launchacademy/estimation_station/spec/models/jar_spec.rb": [
        1,
        null,
        1,
        null,
        1,
        13,
        null,
        null,
        1,
        2,
        2,
        null,
        2,
        2,
        null,
        2,
        2,
        null,
        2,
        2,
        null,
        1,
        1,
        null,
        null,
        null,
        null,
        null,
        1,
        2,
        2,
        2,
        null,
        null,
        1,
        1,
        1,
        1,
        1,
        1,
        1,
        1,
        1,
        null,
        1,
        null,
        null,
        null
      ],
      "/Users/Dave/Dropbox/launchacademy/estimation_station/app/models/jar.rb": [
        1,
        null,
        1,
        1,
        null,
        null,
        null,
        1,
        null,
        1,
        1,
        null,
        1,
        1,
        null,
        null,
        1,
        7,
        18,
        7,
        null,
        null,
        17,
        7,
        null,
        null,
        null,
        null,
        null
      ],
      "/Users/Dave/Dropbox/launchacademy/estimation_station/spec/models/player_spec.rb": [
        1,
        null,
        1,
        null,
        1,
        9,
        null,
        null,
        1,
        2,
        2,
        null,
        2,
        2,
        null,
        2,
        2,
        null,
        1,
        1,
        null,
        null,
        null,
        null,
        null,
        1,
        2,
        2,
        null,
        null,
        null
      ],
      "/Users/Dave/Dropbox/launchacademy/estimation_station/app/models/player.rb": [
        1,
        null,
        1,
        1,
        null,
        null,
        null,
        1,
        1,
        null,
        1,
        1,
        null,
        null,
        null
      ],
      "/Users/Dave/Dropbox/launchacademy/estimation_station/spec/models/user_spec.rb": [
        1,
        null,
        1,
        null,
        3,
        null,
        1,
        2,
        2,
        null,
        2,
        2,
        null,
        2,
        null,
        1,
        1,
        1,
        1,
        null,
        1,
        1,
        null,
        null,
        null,
        1,
        2,
        2,
        2,
        null,
        null,
        null
      ],
      "/Users/Dave/Dropbox/launchacademy/estimation_station/app/controllers/pages_controller.rb": [
        1,
        1,
        null,
        null,
        null
      ],
      "/Users/Dave/Dropbox/launchacademy/estimation_station/app/controllers/application_controller.rb": [
        1,
        null,
        null,
        1,
        null,
        1,
        null,
        1,
        17,
        null,
        null,
        1,
        null,
        1,
        42,
        null,
        null
      ],
      "/Users/Dave/Dropbox/launchacademy/estimation_station/app/controllers/games_controller.rb": [
        1,
        null,
        1,
        null,
        1,
        2,
        null,
        null,
        1,
        2,
        2,
        null,
        2,
        1,
        1,
        null,
        1,
        1,
        null,
        null,
        null,
        1,
        18,
        18,
        18,
        null,
        null,
        1,
        17,
        null,
        null,
        1,
        null,
        1,
        2,
        null,
        null,
        null
      ],
      "/Users/Dave/Dropbox/launchacademy/estimation_station/app/controllers/jars_controller.rb": [
        1,
        null,
        1,
        0,
        null,
        null,
        1,
        2,
        null,
        null,
        1,
        4,
        4,
        null,
        null,
        1,
        4,
        4,
        4,
        null,
        4,
        2,
        2,
        null,
        2,
        2,
        null,
        null,
        null,
        1,
        null,
        1,
        4,
        null,
        null,
        null
      ],
      "/Users/Dave/Dropbox/launchacademy/estimation_station/app/controllers/guesses_controller.rb": [
        1,
        null,
        1,
        0,
        null,
        null,
        1,
        0,
        null,
        null,
        1,
        5,
        5,
        null,
        null,
        1,
        5,
        5,
        null,
        5,
        3,
        3,
        null,
        2,
        2,
        null,
        null,
        null,
        1,
        null,
        1,
        5,
        null,
        null,
        null
      ],
      "/Users/Dave/Dropbox/launchacademy/estimation_station/app/controllers/players_controller.rb": [
        1,
        null,
        1,
        0,
        null,
        null,
        1,
        2,
        null,
        null,
        1,
        4,
        4,
        null,
        null,
        1,
        4,
        4,
        4,
        null,
        4,
        2,
        2,
        null,
        2,
        2,
        null,
        null,
        null,
        1,
        null,
        1,
        4,
        null,
        null,
        null
      ]
    },
    "timestamp": 1392609086
  }
}
